  qlysinhvien.cpp
D:\qlysv\console.h(1,9): warning C4068: unknown pragma 'coce'
D:\qlysv\qlysinhvien.cpp(134,8): warning C4267: 'initializing': conversion from 'size_t' to 'int', possible loss of data
D:\qlysv\qlysinhvien.cpp(149,8): warning C4267: 'initializing': conversion from 'size_t' to 'int', possible loss of data
D:\qlysv\qlysinhvien.cpp(165,13): warning C4267: 'initializing': conversion from 'size_t' to 'int', possible loss of data
D:\qlysv\qlysinhvien.cpp(174,13): warning C4267: 'initializing': conversion from 'size_t' to 'int', possible loss of data
D:\qlysv\qlysinhvien.cpp(191,19): warning C4267: 'initializing': conversion from 'size_t' to 'int', possible loss of data
D:\qlysv\qlysinhvien.cpp(217,13): warning C4267: 'initializing': conversion from 'size_t' to 'int', possible loss of data
D:\qlysv\qlysinhvien.cpp(226,13): warning C4267: 'initializing': conversion from 'size_t' to 'int', possible loss of data
D:\qlysv\qlysinhvien.cpp(280,19): warning C4267: 'initializing': conversion from 'size_t' to 'int', possible loss of data
D:\qlysv\qlysinhvien.cpp(305,19): warning C4267: 'initializing': conversion from 'size_t' to 'int', possible loss of data
D:\qlysv\qlysinhvien.cpp(345,8): warning C4267: 'initializing': conversion from 'size_t' to 'int', possible loss of data
D:\qlysv\qlysinhvien.cpp(355,14): warning C4267: 'initializing': conversion from 'size_t' to 'int', possible loss of data
D:\qlysv\qlysinhvien.cpp(372,14): warning C4267: 'initializing': conversion from 'size_t' to 'int', possible loss of data
D:\qlysv\qlysinhvien.cpp(389,14): warning C4267: 'initializing': conversion from 'size_t' to 'int', possible loss of data
D:\qlysv\qlysinhvien.cpp(532,15): warning C4267: 'initializing': conversion from 'size_t' to 'int', possible loss of data
D:\qlysv\qlysinhvien.cpp(535,9): warning C4244: '=': conversion from 'double' to 'int', possible loss of data
D:\qlysv\qlysinhvien.cpp(558,8): warning C4267: 'initializing': conversion from 'size_t' to 'int', possible loss of data
D:\qlysv\qlysinhvien.cpp(592,15): warning C4267: 'initializing': conversion from 'size_t' to 'int', possible loss of data
D:\qlysv\qlysinhvien.cpp(624,8): warning C4267: 'initializing': conversion from 'size_t' to 'int', possible loss of data
D:\qlysv\qlysinhvien.cpp(657,15): warning C4267: 'initializing': conversion from 'size_t' to 'int', possible loss of data
D:\qlysv\qlysinhvien.cpp(692,15): warning C4267: 'initializing': conversion from 'size_t' to 'int', possible loss of data
D:\qlysv\qlysinhvien.cpp(713,18): warning C4267: 'initializing': conversion from 'size_t' to 'int', possible loss of data
D:\qlysv\qlysinhvien.cpp(748,18): warning C4267: 'initializing': conversion from 'size_t' to 'int', possible loss of data
D:\qlysv\qlysinhvien.cpp(799,39): warning C4267: 'initializing': conversion from 'size_t' to 'int', possible loss of data
D:\qlysv\qlysinhvien.cpp(847,188): warning C4267: 'initializing': conversion from 'size_t' to 'int', possible loss of data
D:\qlysv\qlysinhvien.cpp(1091,16): error C3861: 'tk_tt_ten': identifier not found
D:\qlysv\qlysinhvien.cpp(1344,25): warning C4267: 'initializing': conversion from 'size_t' to 'int', possible loss of data
D:\qlysv\qlysinhvien.cpp(1443,10): warning C4267: 'initializing': conversion from 'size_t' to 'int', possible loss of data
